<?xml version="1.0" encoding="UTF-8"?>
<testsuites>
  <testsuite name="fastlane.lanes">
    
    
    
      
      <testcase classname="fastlane.lanes" name="0: Verifying fastlane version" time="0.005606">
        
      </testcase>
    
      
      <testcase classname="fastlane.lanes" name="1: default_platform" time="0.000816">
        
      </testcase>
    
      
      <testcase classname="fastlane.lanes" name="2: ensure_git_status_clean" time="0.013529">
        
      </testcase>
    
      
      <testcase classname="fastlane.lanes" name="3: number_of_commits" time="0.018729">
        
      </testcase>
    
      
      <testcase classname="fastlane.lanes" name="4: increment_build_number" time="1.214532">
        
      </testcase>
    
      
      <testcase classname="fastlane.lanes" name="5: commit_version_bump" time="0.149031">
        
      </testcase>
    
      
      <testcase classname="fastlane.lanes" name="6: cocoapods" time="0.351651">
        
          <failure message="/Library/Ruby/Gems/2.3.0/gems/fastlane-2.83.0/fastlane/lib/fastlane/actions/actions_helper.rb:48:in `execute_action'&#10;/Library/Ruby/Gems/2.3.0/gems/fastlane-2.83.0/fastlane/lib/fastlane/runner.rb:236:in `block in execute_action'&#10;/Library/Ruby/Gems/2.3.0/gems/fastlane-2.83.0/fastlane/lib/fastlane/runner.rb:231:in `chdir'&#10;/Library/Ruby/Gems/2.3.0/gems/fastlane-2.83.0/fastlane/lib/fastlane/runner.rb:231:in `execute_action'&#10;/Library/Ruby/Gems/2.3.0/gems/fastlane-2.83.0/fastlane/lib/fastlane/runner.rb:157:in `trigger_action_by_name'&#10;/Library/Ruby/Gems/2.3.0/gems/fastlane-2.83.0/fastlane/lib/fastlane/fast_file.rb:148:in `method_missing'&#10;Fastfile:32:in `block (2 levels) in parsing_binding'&#10;/Library/Ruby/Gems/2.3.0/gems/fastlane-2.83.0/fastlane/lib/fastlane/runner.rb:292:in `execute_flow_block'&#10;/Library/Ruby/Gems/2.3.0/gems/fastlane-2.83.0/fastlane/lib/fastlane/runner.rb:46:in `block in execute'&#10;/Library/Ruby/Gems/2.3.0/gems/fastlane-2.83.0/fastlane/lib/fastlane/runner.rb:45:in `chdir'&#10;/Library/Ruby/Gems/2.3.0/gems/fastlane-2.83.0/fastlane/lib/fastlane/runner.rb:45:in `execute'&#10;/Library/Ruby/Gems/2.3.0/gems/fastlane-2.83.0/fastlane/lib/fastlane/lane_manager.rb:57:in `cruise_lane'&#10;/Library/Ruby/Gems/2.3.0/gems/fastlane-2.83.0/fastlane/lib/fastlane/command_line_handler.rb:36:in `handle'&#10;/Library/Ruby/Gems/2.3.0/gems/fastlane-2.83.0/fastlane/lib/fastlane/commands_generator.rb:108:in `block (2 levels) in run'&#10;/Library/Ruby/Gems/2.3.0/gems/commander-fastlane-4.4.6/lib/commander/command.rb:178:in `call'&#10;/Library/Ruby/Gems/2.3.0/gems/commander-fastlane-4.4.6/lib/commander/command.rb:153:in `run'&#10;/Library/Ruby/Gems/2.3.0/gems/commander-fastlane-4.4.6/lib/commander/runner.rb:476:in `run_active_command'&#10;/Library/Ruby/Gems/2.3.0/gems/fastlane-2.83.0/fastlane_core/lib/fastlane_core/ui/fastlane_runner.rb:76:in `run!'&#10;/Library/Ruby/Gems/2.3.0/gems/commander-fastlane-4.4.6/lib/commander/delegates.rb:15:in `run!'&#10;/Library/Ruby/Gems/2.3.0/gems/fastlane-2.83.0/fastlane/lib/fastlane/commands_generator.rb:337:in `run'&#10;/Library/Ruby/Gems/2.3.0/gems/fastlane-2.83.0/fastlane/lib/fastlane/commands_generator.rb:42:in `start'&#10;/Library/Ruby/Gems/2.3.0/gems/fastlane-2.83.0/fastlane/lib/fastlane/cli_tools_distributor.rb:98:in `take_off'&#10;/Library/Ruby/Gems/2.3.0/gems/fastlane-2.83.0/bin/fastlane:20:in `&lt;top (required)&gt;'&#10;/usr/local/bin/fastlane:22:in `load'&#10;/usr/local/bin/fastlane:22:in `&lt;main&gt;'&#10;&#10;bundler: failed to load command: pod (/usr/local/bin/pod)&#10;Gem::Exception: can't find executable pod for gem cocoapods. cocoapods is not currently included in the bundle, perhaps you meant to add it to your Gemfile?&#10;  /Library/Ruby/Gems/2.3.0/gems/bundler-1.16.1/lib/bundler/rubygems_integration.rb:458:in `block in replace_bin_path'&#10;  /Library/Ruby/Gems/2.3.0/gems/bundler-1.16.1/lib/bundler/rubygems_integration.rb:489:in `block in replace_bin_path'&#10;  /usr/local/bin/pod:22:in `&lt;top (required)&gt;'&#10;" />
        
      </testcase>
    
  </testsuite>
</testsuites>
